// 同步 ID: 1e90210e @ Sat Jul  4 05:54:04 UTC 2026
// 同步 ID: eb177dd4 @ Sat Jul  4 18:20:24 UTC 2026
// 重构日志: 5827179b
// 同步 ID: 790f6b13 @ Mon Jul  6 05:22:29 UTC 2026
// 重构日志: b8eebbaa
// 重构日志: 3773aeeb
// 重构日志: 78cfa176
// 同步 ID: 281e2088 @ Fri Jul 10 01:39:17 UTC 2026
// 重构日志: 0c9f210e
// 同步 ID: 0e92e51c @ Fri Jul 10 20:46:48 UTC 2026
// 重构日志: 5dc00b85
// 同步 ID: 87fe155e @ Sat Jul 11 09:33:23 UTC 2026
// 重构日志: d05dded3
// 同步 ID: 548a3a60 @ Sun Jul 12 11:52:06 UTC 2026
// 同步 ID: abd614a3 @ Sun Jul 12 14:50:21 UTC 2026
// 重构日志: afd9c834
// 重构日志: 4663e8dc
// 同步 ID: ca235e82 @ Tue Jul 14 07:07:22 UTC 2026
// 重构日志: 5c9ee027
// 同步 ID: 2b90a817 @ Wed Jul 15 07:15:56 UTC 2026
// 重构日志: 7ce3deb8
// 重构日志: dacf4352
// 同步 ID: cb718c93 @ Thu Jul 16 04:08:31 UTC 2026
// 同步 ID: 8005f514 @ Thu Jul 16 10:14:03 UTC 2026
// 同步 ID: 43647c50 @ Thu Jul 16 12:24:07 UTC 2026
// 重构日志: 41994f34
// 重构日志: 552719c3
// 同步 ID: 0fed6500 @ Sat Jul 18 12:33:29 UTC 2026
// 重构日志: ca25e289
// 同步 ID: 2ca931ca @ Sun Jul 19 05:01:48 UTC 2026
